<?xml version="1.0" encoding="UTF-8"?>
<testng-results ignored="0" total="3" passed="3" failed="0" skipped="0">
  <reporter-output>
  </reporter-output>
  <suite started-at="2020-09-10T22:25:16 IST" name="RunSuite" finished-at="2020-09-10T22:27:12 IST" duration-ms="116799">
    <groups>
    </groups>
    <test started-at="2020-09-10T22:25:16 IST" name="Register_Test" finished-at="2020-09-10T22:25:47 IST" duration-ms="31637">
      <class name="io.automation.Register_User">
        <test-method is-config="true" signature="setup()[pri:0, instance:io.automation.Register_User@65f095f8]" started-at="2020-09-10T22:25:16 IST" name="setup" finished-at="2020-09-10T22:25:27 IST" duration-ms="11165" status="PASS">
          <reporter-output>
          </reporter-output>
        </test-method> <!-- setup -->
        <test-method signature="RegisterUser_Mail()[pri:0, instance:io.automation.Register_User@65f095f8]" started-at="2020-09-10T22:25:27 IST" name="RegisterUser_Mail" finished-at="2020-09-10T22:25:46 IST" duration-ms="18809" status="PASS">
          <reporter-output>
          </reporter-output>
        </test-method> <!-- RegisterUser_Mail -->
        <test-method is-config="true" signature="tearDown()[pri:0, instance:io.automation.Register_User@65f095f8]" started-at="2020-09-10T22:25:46 IST" name="tearDown" finished-at="2020-09-10T22:25:47 IST" duration-ms="1602" status="PASS">
          <reporter-output>
          </reporter-output>
        </test-method> <!-- tearDown -->
      </class> <!-- io.automation.Register_User -->
    </test> <!-- Register_Test -->
    <test started-at="2020-09-10T22:25:47 IST" name="Login_User" finished-at="2020-09-10T22:26:17 IST" duration-ms="30096">
      <class name="io.automation.UserLogin">
        <test-method is-config="true" signature="setup()[pri:0, instance:io.automation.UserLogin@1cbb87f3]" started-at="2020-09-10T22:25:47 IST" name="setup" finished-at="2020-09-10T22:25:53 IST" duration-ms="6153" status="PASS">
          <reporter-output>
          </reporter-output>
        </test-method> <!-- setup -->
        <test-method signature="PositiveLoginTest()[pri:0, instance:io.automation.UserLogin@1cbb87f3]" started-at="2020-09-10T22:25:53 IST" name="PositiveLoginTest" finished-at="2020-09-10T22:26:17 IST" duration-ms="23939" status="PASS">
          <reporter-output>
          </reporter-output>
        </test-method> <!-- PositiveLoginTest -->
      </class> <!-- io.automation.UserLogin -->
    </test> <!-- Login_User -->
    <test started-at="2020-09-10T22:26:17 IST" name="Password_Forget" finished-at="2020-09-10T22:27:12 IST" duration-ms="54959">
      <class name="io.automation.Forget_Password$Forget_Pass">
        <test-method is-config="true" signature="setup()[pri:0, instance:io.automation.Forget_Password$Forget_Pass@550ee7e5]" started-at="2020-09-10T22:26:17 IST" name="setup" finished-at="2020-09-10T22:26:23 IST" duration-ms="6008" status="PASS">
          <reporter-output>
          </reporter-output>
        </test-method> <!-- setup -->
        <test-method signature="ForgetPass()[pri:0, instance:io.automation.Forget_Password$Forget_Pass@550ee7e5]" started-at="2020-09-10T22:26:23 IST" name="ForgetPass" finished-at="2020-09-10T22:27:12 IST" duration-ms="48946" status="PASS">
          <reporter-output>
          </reporter-output>
        </test-method> <!-- ForgetPass -->
      </class> <!-- io.automation.Forget_Password$Forget_Pass -->
    </test> <!-- Password_Forget -->
  </suite> <!-- RunSuite -->
</testng-results>
